  jnrx.cpp
C:\Users\User\source\repos\projn\projn\jnrx.cpp(43,9): error C4996: 'scanf': This function or variable may be unsafe. Consider using scanf_s instead. To disable deprecation, use _CRT_SECURE_NO_WARNINGS. See online help for details.
C:\Users\User\source\repos\projn\projn\jnrx.cpp(46,9): error C4996: 'scanf': This function or variable may be unsafe. Consider using scanf_s instead. To disable deprecation, use _CRT_SECURE_NO_WARNINGS. See online help for details.
C:\Users\User\source\repos\projn\projn\jnrx.cpp(56,9): error C4996: 'scanf': This function or variable may be unsafe. Consider using scanf_s instead. To disable deprecation, use _CRT_SECURE_NO_WARNINGS. See online help for details.
C:\Users\User\source\repos\projn\projn\jnrx.cpp(73,5): error C4996: 'scanf': This function or variable may be unsafe. Consider using scanf_s instead. To disable deprecation, use _CRT_SECURE_NO_WARNINGS. See online help for details.
C:\Users\User\source\repos\projn\projn\jnrx.cpp(83,13): error C4996: 'scanf': This function or variable may be unsafe. Consider using scanf_s instead. To disable deprecation, use _CRT_SECURE_NO_WARNINGS. See online help for details.
C:\Users\User\source\repos\projn\projn\jnrx.cpp(87,17): error C4996: 'scanf': This function or variable may be unsafe. Consider using scanf_s instead. To disable deprecation, use _CRT_SECURE_NO_WARNINGS. See online help for details.
C:\Users\User\source\repos\projn\projn\jnrx.cpp(89,17): error C4996: 'scanf': This function or variable may be unsafe. Consider using scanf_s instead. To disable deprecation, use _CRT_SECURE_NO_WARNINGS. See online help for details.
C:\Users\User\source\repos\projn\projn\jnrx.cpp(91,17): error C4996: 'scanf': This function or variable may be unsafe. Consider using scanf_s instead. To disable deprecation, use _CRT_SECURE_NO_WARNINGS. See online help for details.
C:\Users\User\source\repos\projn\projn\jnrx.cpp(94,17): error C4996: 'scanf': This function or variable may be unsafe. Consider using scanf_s instead. To disable deprecation, use _CRT_SECURE_NO_WARNINGS. See online help for details.
C:\Users\User\source\repos\projn\projn\jnrx.cpp(137,5): error C4996: 'scanf': This function or variable may be unsafe. Consider using scanf_s instead. To disable deprecation, use _CRT_SECURE_NO_WARNINGS. See online help for details.
C:\Users\User\source\repos\projn\projn\jnrx.cpp(150,21): error C4996: 'strcpy': This function or variable may be unsafe. Consider using strcpy_s instead. To disable deprecation, use _CRT_SECURE_NO_WARNINGS. See online help for details.
C:\Users\User\source\repos\projn\projn\jnrx.cpp(151,21): error C4996: 'strcpy': This function or variable may be unsafe. Consider using strcpy_s instead. To disable deprecation, use _CRT_SECURE_NO_WARNINGS. See online help for details.
C:\Users\User\source\repos\projn\projn\jnrx.cpp(152,21): error C4996: 'strcpy': This function or variable may be unsafe. Consider using strcpy_s instead. To disable deprecation, use _CRT_SECURE_NO_WARNINGS. See online help for details.
C:\Users\User\source\repos\projn\projn\jnrx.cpp(171,21): error C4996: 'strcpy': This function or variable may be unsafe. Consider using strcpy_s instead. To disable deprecation, use _CRT_SECURE_NO_WARNINGS. See online help for details.
C:\Users\User\source\repos\projn\projn\jnrx.cpp(172,21): error C4996: 'strcpy': This function or variable may be unsafe. Consider using strcpy_s instead. To disable deprecation, use _CRT_SECURE_NO_WARNINGS. See online help for details.
C:\Users\User\source\repos\projn\projn\jnrx.cpp(173,21): error C4996: 'strcpy': This function or variable may be unsafe. Consider using strcpy_s instead. To disable deprecation, use _CRT_SECURE_NO_WARNINGS. See online help for details.
C:\Users\User\source\repos\projn\projn\jnrx.cpp(199,17): error C3861: 'strcasecmp': identifier not found
C:\Users\User\source\repos\projn\projn\jnrx.cpp(192,5): error C4996: 'scanf': This function or variable may be unsafe. Consider using scanf_s instead. To disable deprecation, use _CRT_SECURE_NO_WARNINGS. See online help for details.
C:\Users\User\source\repos\projn\projn\jnrx.cpp(196,9): error C4996: 'scanf': This function or variable may be unsafe. Consider using scanf_s instead. To disable deprecation, use _CRT_SECURE_NO_WARNINGS. See online help for details.
C:\Users\User\source\repos\projn\projn\jnrx.cpp(215,9): error C4996: 'scanf': This function or variable may be unsafe. Consider using scanf_s instead. To disable deprecation, use _CRT_SECURE_NO_WARNINGS. See online help for details.
C:\Users\User\source\repos\projn\projn\jnrx.cpp(291,6): warning C4326: return type of 'main' should be 'int' instead of 'void'
C:\Users\User\source\repos\projn\projn\jnrx.cpp(294,15): error C4576: a parenthesized type followed by an initializer list is a non-standard explicit type conversion syntax
C:\Users\User\source\repos\projn\projn\jnrx.cpp(295,15): error C4576: a parenthesized type followed by an initializer list is a non-standard explicit type conversion syntax
C:\Users\User\source\repos\projn\projn\jnrx.cpp(296,15): error C4576: a parenthesized type followed by an initializer list is a non-standard explicit type conversion syntax
C:\Users\User\source\repos\projn\projn\jnrx.cpp(297,15): error C4576: a parenthesized type followed by an initializer list is a non-standard explicit type conversion syntax
C:\Users\User\source\repos\projn\projn\jnrx.cpp(298,15): error C4576: a parenthesized type followed by an initializer list is a non-standard explicit type conversion syntax
C:\Users\User\source\repos\projn\projn\jnrx.cpp(299,15): error C4576: a parenthesized type followed by an initializer list is a non-standard explicit type conversion syntax
C:\Users\User\source\repos\projn\projn\jnrx.cpp(300,15): error C4576: a parenthesized type followed by an initializer list is a non-standard explicit type conversion syntax
C:\Users\User\source\repos\projn\projn\jnrx.cpp(301,15): error C4576: a parenthesized type followed by an initializer list is a non-standard explicit type conversion syntax
C:\Users\User\source\repos\projn\projn\jnrx.cpp(302,15): error C4576: a parenthesized type followed by an initializer list is a non-standard explicit type conversion syntax
C:\Users\User\source\repos\projn\projn\jnrx.cpp(303,15): error C4576: a parenthesized type followed by an initializer list is a non-standard explicit type conversion syntax
C:\Users\User\source\repos\projn\projn\jnrx.cpp(327,9): error C4996: 'scanf': This function or variable may be unsafe. Consider using scanf_s instead. To disable deprecation, use _CRT_SECURE_NO_WARNINGS. See online help for details.
